<?xml version="1.0" encoding="UTF-8"?>
<!-- Generated by org.testng.reporters.JUnitXMLReporter -->
<testsuite hostname="DESKTOP-B3281VN" ignored="2" name="Test1" tests="3" failures="1" timestamp="28 Sep 2019 09:48:59 GMT" time="0.034" errors="0">
  <testcase name="d" time="0.01" classname="com.wp.Show">
    <failure type="java.lang.AssertionError" message="expected [false] but found [true]">
      <![CDATA[java.lang.AssertionError: expected [false] but found [true]
at com.wp.Show.d(Show.java:34)
... Removed 31 stack frames]]>
    </failure>
  </testcase> <!-- d -->
  <testcase name="c" time="0.01" classname="com.wp.Show"/>
  <testcase name="e" time="0.001" classname="com.wp.Show"/>
  <testcase name="a" time="0.0" classname="com.wp.Show">
    <ignored/>
  </testcase> <!-- a -->
  <testcase name="b" time="0.0" classname="com.wp.Show">
    <ignored/>
  </testcase> <!-- b -->
</testsuite> <!-- Test1 -->
